<?xml version="1.0" encoding="UTF-8"?>
<!-- Generated by org.testng.reporters.JUnitReportReporter -->
<testsuite hostname="DESKTOP-IOSP2IF" failures="0" tests="2" name="tests.GoogleSearchTests" time="23.765" errors="0" timestamp="2024-07-22T18:01:37 MYT" skipped="0">
  <testcase classname="tests.GoogleSearchTests" name="createShipment" time="14.446"/>
  <testcase classname="tests.GoogleSearchTests" name="posOffersBuyInsurance" time="9.319"/>
</testsuite> <!-- tests.GoogleSearchTests -->
