<?xml version="1.0" encoding="UTF-8"?>
<!-- Generated by org.testng.reporters.JUnitReportReporter -->
<testsuite hostname="DESKTOP-IOSP2IF" failures="0" tests="2" name="tests.GoogleSearchTests" time="84.621" errors="0" timestamp="2024-07-22T17:35:20 MYT" skipped="0">
  <testcase classname="tests.GoogleSearchTests" name="googleSearchTest" time="10.795"/>
  <testcase classname="tests.GoogleSearchTests" name="createShipment" time="73.826"/>
</testsuite> <!-- tests.GoogleSearchTests -->
