<?xml version="1.0" encoding="UTF-8"?>
<!-- Generated by org.testng.reporters.JUnitReportReporter -->
<testsuite hostname="DESKTOP-IOSP2IF" failures="0" tests="2" name="tests.GoogleSearchTests" time="160.727" errors="0" timestamp="2024-07-20T15:15:23 MYT" skipped="0">
  <testcase classname="tests.GoogleSearchTests" name="googleSearchTest" time="7.988"/>
  <testcase classname="tests.GoogleSearchTests" name="createShipment" time="152.739"/>
</testsuite> <!-- tests.GoogleSearchTests -->
